[2021-10-20 15:57:30.877][alvisnlp] build version: 1.0.0-SNAPSHOT
[2021-10-20 15:57:30.877][alvisnlp] tag: 0.8.1 +1
[2021-10-20 15:57:30.877][alvisnlp] remote URL: https://github.com/Bibliome/alvisnlp
[2021-10-20 15:57:30.877][alvisnlp] commit id: b7ea5615605dc5b0dec24a374a5ea68038ff50c4
[2021-10-20 15:57:30.886][alvisnlp] commit time: Thu Aug 06 16:12:27 CEST 2020
[2021-10-20 15:57:30.886][alvisnlp] build host: belka
[2021-10-20 15:57:30.887][alvisnlp] build time: Sun Feb 28 23:53:36 CET 2021
[2021-10-20 15:57:30.892][alvisnlp] user: belka
[2021-10-20 15:57:30.892][alvisnlp] class path: /Users/belka/Documents/work/inrae/outils/alvisnlp/lib/*:
[2021-10-20 15:57:30.892][alvisnlp] java version: 11.0.11
[2021-10-20 15:57:30.932][alvisnlp] loading plan from algos/main.plan
[2021-10-20 15:57:30.977][alvisnlp] loading plan from /Users/belka/Documents/work/inrae/scripts/alvisBSV/algos/preprocess/preprocess.plan
[2021-10-20 15:57:30.981][alvisnlp] SEVERE the tag import is deprecated, use tag names to set the imported plan identifier, and specify location with attribute file or href
[2021-10-20 15:57:30.981][alvisnlp] SEVERE future versions might not support the tag import
[2021-10-20 15:57:30.982][alvisnlp] loading plan from /Users/belka/Documents/work/inrae/scripts/alvisBSV/algos/preprocess/segmentation.plan
[2021-10-20 15:57:31.018][alvisnlp] loading plan from number-and-dates.plan
[2021-10-20 15:57:31.036][alvisnlp] finished loading number-and-dates.plan
[2021-10-20 15:57:31.071][alvisnlp] finished loading /Users/belka/Documents/work/inrae/scripts/alvisBSV/algos/preprocess/segmentation.plan
[2021-10-20 15:57:31.084][alvisnlp] finished loading /Users/belka/Documents/work/inrae/scripts/alvisBSV/algos/preprocess/preprocess.plan
[2021-10-20 15:57:31.084][alvisnlp] loading plan from /Users/belka/Documents/work/inrae/scripts/alvisBSV/algos/project/projectors.plan
[2021-10-20 15:57:31.100][alvisnlp] loading plan from /Users/belka/Documents/work/inrae/scripts/alvisBSV/algos/project/rdf-projector.plan
[2021-10-20 15:57:31.199][alvisnlp] finished loading /Users/belka/Documents/work/inrae/scripts/alvisBSV/algos/project/rdf-projector.plan
[2021-10-20 15:57:31.202][alvisnlp] loading plan from /Users/belka/Documents/work/inrae/scripts/alvisBSV/algos/preprocess/filter.plan
[2021-10-20 15:57:31.216][alvisnlp] finished loading /Users/belka/Documents/work/inrae/scripts/alvisBSV/algos/preprocess/filter.plan
[2021-10-20 15:57:31.216][alvisnlp] loading plan from /Users/belka/Documents/work/inrae/scripts/alvisBSV/algos/export/export.plan
[2021-10-20 15:57:31.229][alvisnlp] finished loading /Users/belka/Documents/work/inrae/scripts/alvisBSV/algos/export/export.plan
[2021-10-20 15:57:31.232][alvisnlp] loading plan from /Users/belka/Documents/work/inrae/scripts/alvisBSV/algos/evaluate/scores.plan
[2021-10-20 15:57:31.246][alvisnlp] finished loading /Users/belka/Documents/work/inrae/scripts/alvisBSV/algos/evaluate/scores.plan
[2021-10-20 15:57:31.249][alvisnlp] loading plan from /Users/belka/Documents/work/inrae/scripts/alvisBSV/algos/project/rdf-projector.plan
[2021-10-20 15:57:31.254][alvisnlp] finished loading /Users/belka/Documents/work/inrae/scripts/alvisBSV/algos/project/rdf-projector.plan
[2021-10-20 15:57:31.254][alvisnlp] loading plan from /Users/belka/Documents/work/inrae/scripts/alvisBSV/algos/patterns/bbch.plan
[2021-10-20 15:57:31.296][alvisnlp] finished loading /Users/belka/Documents/work/inrae/scripts/alvisBSV/algos/patterns/bbch.plan
[2021-10-20 15:57:31.300][alvisnlp] loading plan from /Users/belka/Documents/work/inrae/scripts/alvisBSV/algos/preprocess/filter.plan
[2021-10-20 15:57:31.306][alvisnlp] finished loading /Users/belka/Documents/work/inrae/scripts/alvisBSV/algos/preprocess/filter.plan
[2021-10-20 15:57:31.307][alvisnlp] loading plan from /Users/belka/Documents/work/inrae/scripts/alvisBSV/algos/export/export.plan
[2021-10-20 15:57:31.326][alvisnlp] finished loading /Users/belka/Documents/work/inrae/scripts/alvisBSV/algos/export/export.plan
[2021-10-20 15:57:31.328][alvisnlp] loading plan from /Users/belka/Documents/work/inrae/scripts/alvisBSV/algos/project/tomap-projector.plan
[2021-10-20 15:57:31.343][alvisnlp] finished loading /Users/belka/Documents/work/inrae/scripts/alvisBSV/algos/project/tomap-projector.plan
[2021-10-20 15:57:31.352][alvisnlp] loading plan from /Users/belka/Documents/work/inrae/scripts/alvisBSV/algos/preprocess/filter.plan
[2021-10-20 15:57:31.355][alvisnlp] finished loading /Users/belka/Documents/work/inrae/scripts/alvisBSV/algos/preprocess/filter.plan
[2021-10-20 15:57:31.356][alvisnlp] loading plan from /Users/belka/Documents/work/inrae/scripts/alvisBSV/algos/export/export.plan
[2021-10-20 15:57:31.364][alvisnlp] finished loading /Users/belka/Documents/work/inrae/scripts/alvisBSV/algos/export/export.plan
[2021-10-20 15:57:31.365][alvisnlp] loading plan from /Users/belka/Documents/work/inrae/scripts/alvisBSV/algos/evaluate/scores.plan
[2021-10-20 15:57:31.369][alvisnlp] finished loading /Users/belka/Documents/work/inrae/scripts/alvisBSV/algos/evaluate/scores.plan
[2021-10-20 15:57:31.370][alvisnlp] loading plan from /Users/belka/Documents/work/inrae/scripts/alvisBSV/algos/project/tomap-projector.plan
[2021-10-20 15:57:31.380][alvisnlp] finished loading /Users/belka/Documents/work/inrae/scripts/alvisBSV/algos/project/tomap-projector.plan
[2021-10-20 15:57:31.383][alvisnlp] loading plan from /Users/belka/Documents/work/inrae/scripts/alvisBSV/algos/preprocess/filter.plan
[2021-10-20 15:57:31.384][alvisnlp] finished loading /Users/belka/Documents/work/inrae/scripts/alvisBSV/algos/preprocess/filter.plan
[2021-10-20 15:57:31.385][alvisnlp] loading plan from /Users/belka/Documents/work/inrae/scripts/alvisBSV/algos/export/export.plan
[2021-10-20 15:57:31.397][alvisnlp] finished loading /Users/belka/Documents/work/inrae/scripts/alvisBSV/algos/export/export.plan
[2021-10-20 15:57:31.398][alvisnlp] finished loading /Users/belka/Documents/work/inrae/scripts/alvisBSV/algos/project/projectors.plan
[2021-10-20 15:57:31.399][alvisnlp] finished loading algos/main.plan
[2021-10-20 15:57:31.404][alvisnlp] setting stylesheet-d2kab to 'resources/alvisnlp/segmentation/html2alvisnlp.xslt' in main
[2021-10-20 15:57:31.404][alvisnlp] setting stylesheet-vespa to 'resources/alvisnlp/segmentation/html2alvisnlp.xslt' in main
[2021-10-20 15:57:31.404][alvisnlp] setting stylesheet-alea to 'resources/alvisnlp/segmentation/html2alvisnlp.xslt' in main
[2021-10-20 15:57:31.406][alvisnlp] setting d2kab to 'resources/corpus/d2kab/' in main
[2021-10-20 15:57:31.406][alvisnlp] setting vespa to 'resources/corpus/vespa/' in main
[2021-10-20 15:57:31.406][alvisnlp] setting alea to 'resources/corpus/alea/' in main
[2021-10-20 15:57:31.406][alvisnlp] setting fcu-source to 'resources/referentiels/frenchCropUsage_20210525.rdf' in main
[2021-10-20 15:57:31.407][alvisnlp] setting fcu-mapping-file to 'resources/alvisnlp/tomap/frenchCropUsage_20210525.txt' in main
[2021-10-20 15:57:31.407][alvisnlp] setting stages-source to 'resources/referentiels/ppdo_20210726.rdf' in main
[2021-10-20 15:57:31.407][alvisnlp] setting stages-source-to-align to 'resources/referentiels/ppdo_20210726.rdf' in main
[2021-10-20 15:57:31.407][alvisnlp] setting stages-mapping-file to 'resources/alvisnlp/tomap/ppdo_20210726.txt' in main
[2021-10-20 15:57:31.408][alvisnlp] setting treeTaggerExecutable to '/Users/belka/Documents/work/inrae/outils/tree-tagger/bin/tree-tagger' in main
[2021-10-20 15:57:31.409][alvisnlp] setting parFile to '/Users/belka/Documents/work/inrae/outils/tree-tagger/lib/french.par' in main
[2021-10-20 15:57:31.410][alvisnlp] setting yateaExecutable to '/Users/belka/Documents/work/inrae/outils/alvisnlp/YaTeA/local/bin/yatea' in main
[2021-10-20 15:57:31.410][alvisnlp] setting yateaExecutable-stages to '/Users/belka/Documents/work/inrae/outils/alvisnlp/YaTeA/local/bin/yatea' in main
[2021-10-20 15:57:31.410][alvisnlp] setting perlLib to '/Users/belka/Documents/work/inrae/outils/alvisnlp/YaTeA/lib/perl5/site_perl' in main
[2021-10-20 15:57:31.410][alvisnlp] setting perlLib-stages to '/Users/belka/Documents/work/inrae/outils/alvisnlp/YaTeA/lib/perl5/site_perl' in main
[2021-10-20 15:57:31.410][alvisnlp] setting rcFile to '/Users/belka/Documents/work/inrae/outils/alvisnlp/YaTeA/etc/yatea/yatea.rc' in main
[2021-10-20 15:57:31.411][alvisnlp] setting rcFile-stages to '/Users/belka/Documents/work/inrae/outils/alvisnlp/YaTeA/etc/yatea/yatea.rc' in main
[2021-10-20 15:57:31.429][alvisnlp] setting configDir to '/Users/belka/Documents/work/inrae/outils/alvisnlp/YaTeA/usr/share/YaTeA/config' in main
[2021-10-20 15:57:31.432][alvisnlp] setting configDir-stages to '/Users/belka/Documents/work/inrae/outils/alvisnlp/YaTeA/usr/share/YaTeA/config' in main
[2021-10-20 15:57:31.432][alvisnlp] setting localeDir to '/Users/belka/Documents/work/inrae/outils/alvisnlp/YaTeA/usr/share/YaTeA/locale' in main
[2021-10-20 15:57:31.433][alvisnlp] setting localeDir-stages to '/Users/belka/Documents/work/inrae/outils/alvisnlp/YaTeA/usr/share/YaTeA/locale' in main
[2021-10-20 15:57:31.474][alvisnlp] External resources
[2021-10-20 15:57:31.477][main.load-corpus.d2kab] R: sourcePath = resources/corpus/d2kab
[2021-10-20 15:57:31.477][main.load-corpus.d2kab] R: xslTransform = resources/alvisnlp/segmentation/html2alvisnlp.xslt
[2021-10-20 15:57:31.477][main.load-corpus.vespa] R: sourcePath = resources/corpus/vespa
[2021-10-20 15:57:31.477][main.load-corpus.vespa] R: xslTransform = resources/alvisnlp/segmentation/html2alvisnlp.xslt
[2021-10-20 15:57:31.477][main.load-corpus.alea] R: sourcePath = resources/corpus/alea
[2021-10-20 15:57:31.478][main.load-corpus.alea] R: xslTransform = resources/alvisnlp/segmentation/html2alvisnlp.xslt
[2021-10-20 15:57:31.478][main.preprocess-text.segmentation.preprocessing.latin] R: dictFile = latin_multi-word-expressions.txt (/Users/belka/Documents/work/inrae/scripts/alvisBSV/algos/preprocess/segmentation.plan)
[2021-10-20 15:57:31.484][main.preprocess-text.tt] R: parFile = /Users/belka/Documents/work/inrae/outils/tree-tagger/lib/french.par (/Users/belka/Documents/work/inrae/scripts/alvisBSV/algos/preprocess/preprocess.plan)
[2021-10-20 15:57:31.484][main.preprocess-text.tt] R: treeTaggerExecutable = /Users/belka/Documents/work/inrae/outils/tree-tagger/bin/tree-tagger (/Users/belka/Documents/work/inrae/scripts/alvisBSV/algos/preprocess/preprocess.plan)
[2021-10-20 15:57:31.486][main.projectors.baseline.fcu.project.baseline] R: source = resources/referentiels/frenchCropUsage_20210525.rdf (/Users/belka/Documents/work/inrae/scripts/alvisBSV/algos/project/rdf-projector.plan)
[2021-10-20 15:57:31.487][main.projectors.baseline.fcu.export.annotations.save-annotations] R: corpusFile = /Users/belka/Documents/work/inrae/scripts/alvisBSV/fcu-baseline-annotations.csv (/Users/belka/Documents/work/inrae/scripts/alvisBSV/algos/export/export.plan)
[2021-10-20 15:57:31.487][main.projectors.baseline.fcu.export.annotations.save-annotations] R: outDir = /Users/belka/Documents/work/inrae/scripts/alvisBSV/output/annotations (/Users/belka/Documents/work/inrae/scripts/alvisBSV/algos/export/export.plan)
[2021-10-20 15:57:31.488][main.projectors.baseline.fcu.export.scores.bm25-score] R: outFile = output/annotations/fcu-baseline-bm25.csv (/Users/belka/Documents/work/inrae/scripts/alvisBSV/algos/evaluate/scores.plan)
[2021-10-20 15:57:31.488][main.projectors.baseline.fcu.export.scores.tfidf-score] R: outFile = output/annotations/fcu-baseline-tfidf.csv (/Users/belka/Documents/work/inrae/scripts/alvisBSV/algos/evaluate/scores.plan)
[2021-10-20 15:57:31.489][main.projectors.baseline.stages.project.baseline] R: source = resources/referentiels/ppdo_20210726.rdf (/Users/belka/Documents/work/inrae/scripts/alvisBSV/algos/project/rdf-projector.plan)
[2021-10-20 15:57:31.495][main.projectors.baseline.stages.find-patterns.bbch.align] R: source = resources/referentiels/ppdo_20210726.rdf (/Users/belka/Documents/work/inrae/scripts/alvisBSV/algos/project/projectors.plan)
[2021-10-20 15:57:31.498][main.projectors.baseline.stages.export.save-annotations] R: corpusFile = /Users/belka/Documents/work/inrae/scripts/alvisBSV/stages-baseline-annotations.csv (/Users/belka/Documents/work/inrae/scripts/alvisBSV/algos/export/export.plan)
[2021-10-20 15:57:31.500][main.projectors.baseline.stages.export.save-annotations] R: outDir = /Users/belka/Documents/work/inrae/scripts/alvisBSV/output/annotations (/Users/belka/Documents/work/inrae/scripts/alvisBSV/algos/export/export.plan)
[2021-10-20 15:57:31.503][main.projectors.tomap.fcu.project.yatea] R: configDir = /Users/belka/Documents/work/inrae/outils/alvisnlp/YaTeA/usr/share/YaTeA/config (/Users/belka/Documents/work/inrae/scripts/alvisBSV/algos/project/tomap-projector.plan)
[2021-10-20 15:57:31.504][main.projectors.tomap.fcu.project.yatea] R: localeDir = /Users/belka/Documents/work/inrae/outils/alvisnlp/YaTeA/usr/share/YaTeA/locale (/Users/belka/Documents/work/inrae/scripts/alvisBSV/algos/project/tomap-projector.plan)
[2021-10-20 15:57:31.504][main.projectors.tomap.fcu.project.yatea] R: rcFile = /Users/belka/Documents/work/inrae/outils/alvisnlp/YaTeA/etc/yatea/yatea.rc (/Users/belka/Documents/work/inrae/scripts/alvisBSV/algos/project/tomap-projector.plan)
[2021-10-20 15:57:31.505][main.projectors.tomap.fcu.project.yatea] R: xmlTermsFile = /Users/belka/Documents/work/inrae/scripts/alvisBSV/../yatea.xml (/Users/belka/Documents/work/inrae/scripts/alvisBSV/algos/project/tomap-projector.plan)
[2021-10-20 15:57:31.506][main.projectors.tomap.fcu.project.yatea] R: yateaExecutable = /Users/belka/Documents/work/inrae/outils/alvisnlp/YaTeA/local/bin/yatea (/Users/belka/Documents/work/inrae/scripts/alvisBSV/algos/project/tomap-projector.plan)
[2021-10-20 15:57:31.507][main.projectors.tomap.fcu.project.classify] R: yateaFile = ../yatea.xml (/Users/belka/Documents/work/inrae/scripts/alvisBSV/algos/project/tomap-projector.plan)
[2021-10-20 15:57:31.508][main.projectors.tomap.fcu.project.label] R: mappingFile = resources/alvisnlp/tomap/frenchCropUsage_20210525.txt (/Users/belka/Documents/work/inrae/scripts/alvisBSV/algos/project/tomap-projector.plan)
[2021-10-20 15:57:31.508][main.projectors.tomap.fcu.export.annotations.save-annotations] R: corpusFile = /Users/belka/Documents/work/inrae/scripts/alvisBSV/fcu-tomap-annotations.csv (/Users/belka/Documents/work/inrae/scripts/alvisBSV/algos/export/export.plan)
[2021-10-20 15:57:31.508][main.projectors.tomap.fcu.export.annotations.save-annotations] R: outDir = /Users/belka/Documents/work/inrae/scripts/alvisBSV/output/annotations (/Users/belka/Documents/work/inrae/scripts/alvisBSV/algos/export/export.plan)
[2021-10-20 15:57:31.509][main.projectors.tomap.fcu.export.scores.bm25-score] R: outFile = output/annotations/fcu-tomap-bm25.csv (/Users/belka/Documents/work/inrae/scripts/alvisBSV/algos/evaluate/scores.plan)
[2021-10-20 15:57:31.509][main.projectors.tomap.fcu.export.scores.tfidf-score] R: outFile = output/annotations/fcu-tomap-tfidf.csv (/Users/belka/Documents/work/inrae/scripts/alvisBSV/algos/evaluate/scores.plan)
[2021-10-20 15:57:31.509][main.projectors.tomap.stages.project.yatea] R: configDir = /Users/belka/Documents/work/inrae/outils/alvisnlp/YaTeA/usr/share/YaTeA/config (/Users/belka/Documents/work/inrae/scripts/alvisBSV/algos/project/tomap-projector.plan)
[2021-10-20 15:57:31.510][main.projectors.tomap.stages.project.yatea] R: localeDir = /Users/belka/Documents/work/inrae/outils/alvisnlp/YaTeA/usr/share/YaTeA/locale (/Users/belka/Documents/work/inrae/scripts/alvisBSV/algos/project/tomap-projector.plan)
[2021-10-20 15:57:31.511][main.projectors.tomap.stages.project.yatea] R: rcFile = /Users/belka/Documents/work/inrae/outils/alvisnlp/YaTeA/etc/yatea/yatea.rc (/Users/belka/Documents/work/inrae/scripts/alvisBSV/algos/project/tomap-projector.plan)
[2021-10-20 15:57:31.512][main.projectors.tomap.stages.project.yatea] R: xmlTermsFile = /Users/belka/Documents/work/inrae/scripts/alvisBSV/../yatea.xml (/Users/belka/Documents/work/inrae/scripts/alvisBSV/algos/project/tomap-projector.plan)
[2021-10-20 15:57:31.512][main.projectors.tomap.stages.project.yatea] R: yateaExecutable = /Users/belka/Documents/work/inrae/outils/alvisnlp/YaTeA/local/bin/yatea (/Users/belka/Documents/work/inrae/scripts/alvisBSV/algos/project/tomap-projector.plan)
[2021-10-20 15:57:31.513][main.projectors.tomap.stages.project.classify] R: yateaFile = ../yatea.xml (/Users/belka/Documents/work/inrae/scripts/alvisBSV/algos/project/tomap-projector.plan)
[2021-10-20 15:57:31.513][main.projectors.tomap.stages.project.label] R: mappingFile = resources/alvisnlp/tomap/ppdo_20210726.txt (/Users/belka/Documents/work/inrae/scripts/alvisBSV/algos/project/tomap-projector.plan)
[2021-10-20 15:57:31.513][main.projectors.tomap.stages.export.annotations.save-annotations] R: corpusFile = /Users/belka/Documents/work/inrae/scripts/alvisBSV/stages-tomap-annotations.csv (/Users/belka/Documents/work/inrae/scripts/alvisBSV/algos/export/export.plan)
[2021-10-20 15:57:31.514][main.projectors.tomap.stages.export.annotations.save-annotations] R: outDir = /Users/belka/Documents/work/inrae/scripts/alvisBSV/output/annotations (/Users/belka/Documents/work/inrae/scripts/alvisBSV/algos/export/export.plan)
[2021-10-20 15:57:31.650][main.projectors.baseline.fcu.project.baseline] WARNING this module is EXPERIMENTAL
[2021-10-20 15:57:31.672][main.projectors.baseline.fcu.export.scores.bm25-score] WARNING this module is EXPERIMENTAL
[2021-10-20 15:57:31.673][main.projectors.baseline.fcu.export.scores.tfidf-score] WARNING this module is EXPERIMENTAL
[2021-10-20 15:57:31.680][main.projectors.baseline.stages.project.baseline] WARNING this module is EXPERIMENTAL
[2021-10-20 15:57:31.746][main.projectors.baseline.stages.find-patterns.bbch.align] WARNING this module is EXPERIMENTAL
[2021-10-20 15:57:31.756][main.projectors.tomap.fcu.project.classify] WARNING this module is EXPERIMENTAL
[2021-10-20 15:57:31.777][main.projectors.tomap.fcu.export.scores.bm25-score] WARNING this module is EXPERIMENTAL
[2021-10-20 15:57:31.777][main.projectors.tomap.fcu.export.scores.tfidf-score] WARNING this module is EXPERIMENTAL
[2021-10-20 15:57:31.780][main.projectors.tomap.stages.project.classify] WARNING this module is EXPERIMENTAL
[2021-10-20 15:57:31.803][alvisnlp] temporary directory: /private/tmp/alvisnlp7251508193864447464
[2021-10-20 15:57:31.841][alvisnlp] no usage for section names
[2021-10-20 15:57:31.841][alvisnlp] usage for layer names
[2021-10-20 15:57:31.842][alvisnlp] layer seg__latin: main.preprocess-text.segmentation.preprocessing.latin, main.preprocess-text.segmentation.preprocessing.pre-segmentation.fixed, main.preprocess-text.segmentation.preprocessing.create-fixed.merge, main.preprocess-text.segmentation.preprocessing.create-fixed.clear
[2021-10-20 15:57:31.842][alvisnlp] layer numbers__signed-decimals: main.preprocess-text.segmentation.preprocessing.number-and-dates.regexp.signed-decimals, main.preprocess-text.segmentation.preprocessing.number-and-dates.merge.numbers, main.preprocess-text.segmentation.preprocessing.number-and-dates.merge.clear
[2021-10-20 15:57:31.843][alvisnlp] layer numbers__fractions: main.preprocess-text.segmentation.preprocessing.number-and-dates.regexp.fractions, main.preprocess-text.segmentation.preprocessing.number-and-dates.merge.numbers, main.preprocess-text.segmentation.preprocessing.number-and-dates.merge.clear
[2021-10-20 15:57:31.843][alvisnlp] layer numbers__ranges: main.preprocess-text.segmentation.preprocessing.number-and-dates.regexp.ranges, main.preprocess-text.segmentation.preprocessing.number-and-dates.merge.numbers, main.preprocess-text.segmentation.preprocessing.number-and-dates.merge.clear
[2021-10-20 15:57:31.843][alvisnlp] layer dates__iso: main.preprocess-text.segmentation.preprocessing.number-and-dates.regexp.iso-dates, main.preprocess-text.segmentation.preprocessing.number-and-dates.merge.dates, main.preprocess-text.segmentation.preprocessing.number-and-dates.merge.clear
[2021-10-20 15:57:31.843][alvisnlp] layer dates__american: main.preprocess-text.segmentation.preprocessing.number-and-dates.regexp.dates-1, main.preprocess-text.segmentation.preprocessing.number-and-dates.merge.dates, main.preprocess-text.segmentation.preprocessing.number-and-dates.merge.clear
[2021-10-20 15:57:31.843][alvisnlp] layer dates__british: main.preprocess-text.segmentation.preprocessing.number-and-dates.regexp.dates-2, main.preprocess-text.segmentation.preprocessing.number-and-dates.merge.dates, main.preprocess-text.segmentation.preprocessing.number-and-dates.merge.clear
[2021-10-20 15:57:31.844][alvisnlp] layer numbers: main.preprocess-text.segmentation.preprocessing.number-and-dates.merge.numbers, main.preprocess-text.segmentation.preprocessing.pre-segmentation.fixed, main.preprocess-text.segmentation.preprocessing.create-fixed.merge, main.preprocess-text.segmentation.preprocessing.create-fixed.clear
[2021-10-20 15:57:31.844][alvisnlp] layer dates: main.preprocess-text.segmentation.preprocessing.number-and-dates.merge.dates, main.preprocess-text.segmentation.preprocessing.pre-segmentation.fixed, main.preprocess-text.segmentation.preprocessing.create-fixed.merge, main.preprocess-text.segmentation.preprocessing.create-fixed.clear
[2021-10-20 15:57:31.844][alvisnlp] layer seg__hanging-hyphens: main.preprocess-text.segmentation.preprocessing.hanging-hyphens, main.preprocess-text.segmentation.preprocessing.pre-segmentation.fixed, main.preprocess-text.segmentation.preprocessing.pre-segmentation.clear
[2021-10-20 15:57:31.844][alvisnlp] layer rigid-entities: main.preprocess-text.segmentation.preprocessing.pre-segmentation.fixed, main.preprocess-text.segmentation.preprocessing.create-fixed.merge, main.preprocess-text.segmentation.preprocessing.create-fixed.clear
[2021-10-20 15:57:31.844][alvisnlp] layer seg__pre-fixed: main.preprocess-text.segmentation.preprocessing.pre-segmentation.fixed, main.preprocess-text.segmentation.preprocessing.pre-segmentation.remove-fixed-overlaps, main.preprocess-text.segmentation.preprocessing.pre-segmentation.tag-fixed, main.preprocess-text.segmentation.preprocessing.pre-segmentation.words, main.preprocess-text.segmentation.preprocessing.pre-segmentation.clear2
[2021-10-20 15:57:31.844][alvisnlp] layer seg__pre-words: main.preprocess-text.segmentation.preprocessing.pre-segmentation.words, main.preprocess-text.segmentation.preprocessing.hyphen-correction.ref-before, main.preprocess-text.segmentation.preprocessing.hyphen-correction.ref-after, main.preprocess-text.segmentation.preprocessing.hyphen-correction.clear
[2021-10-20 15:57:31.844][alvisnlp] layer seg__hyphenated: main.preprocess-text.segmentation.preprocessing.hyphen-correction.ref-before, main.preprocess-text.segmentation.preprocessing.hyphen-correction.ref-after, main.preprocess-text.segmentation.preprocessing.create-fixed.merge, main.preprocess-text.segmentation.preprocessing.create-fixed.clear
[2021-10-20 15:57:31.844][alvisnlp] layer seg__fixed: main.preprocess-text.segmentation.preprocessing.create-fixed.merge, main.preprocess-text.segmentation.preprocessing.create-fixed.remove-overlaps, main.preprocess-text.segmentation.words, main.preprocess-text.segmentation.clear
[2021-10-20 15:57:31.845][alvisnlp] layer words: main.preprocess-text.segmentation.words, main.preprocess-text.segmentation.sentences, main.preprocess-text.correct-plants, main.preprocess-text.tt, main.projectors.baseline.fcu.project.baseline, main.projectors.baseline.fcu.export.annotations.save-annotations, main.projectors.baseline.stages.project.baseline, main.projectors.baseline.stages.find-patterns.bbch.patterns._bbch_, main.projectors.baseline.stages.find-patterns.bbch.patterns.bbch, main.projectors.baseline.stages.find-patterns.bbch.patterns.BBCH_DD, main.projectors.baseline.stages.find-patterns.bbch.patterns.BBCH_DD_PAR, main.projectors.baseline.stages.find-patterns.bbch.patterns.STADE_DD_BBCH, main.projectors.baseline.stages.find-patterns.bbch.patterns.BBCH_STADE_DD, main.projectors.baseline.stages.find-patterns.bbch.patterns.BBCH_RANGE, main.projectors.baseline.stages.find-patterns.bbch.patterns.BBCH_DD_KON_DD, main.projectors.baseline.stages.find-patterns.bbch.patterns.BBCH_TABLE, main.projectors.baseline.stages.find-patterns.bbch.patterns.BBCH_TABLE_PHYSIO, main.projectors.baseline.stages.find-patterns.bbch.patterns.bbch_in_context50, main.projectors.baseline.stages.find-patterns.bbch.patterns.bbch_in_context100, main.projectors.baseline.stages.find-patterns.bbch.patterns.bbch_in_context150, main.projectors.baseline.stages.find-patterns.bbch.patterns.bbch_in_context200, main.projectors.baseline.stages.find-patterns.bbch.patterns.bbch_in_context250, main.projectors.baseline.stages.find-patterns.bbch.patterns.bbch_in_context300, main.projectors.baseline.stages.find-patterns.bbch.patterns.bbch_in_context350, main.projectors.baseline.stages.find-patterns.bbch.patterns.bbch_in_context400, main.projectors.baseline.stages.find-patterns.bbch.patterns.bbch_in_context450, main.projectors.baseline.stages.find-patterns.bbch.patterns.bbch_in_context500, main.projectors.baseline.stages.export.save-annotations, main.projectors.tomap.fcu.project.yatea, main.projectors.tomap.fcu.project.classify, main.projectors.tomap.fcu.export.annotations.save-annotations, main.projectors.tomap.stages.project.yatea, main.projectors.tomap.stages.project.classify, main.projectors.tomap.stages.export.annotations.save-annotations
[2021-10-20 15:57:31.845][alvisnlp] layer sentences: main.preprocess-text.segmentation.sentences, main.preprocess-text.tt, main.projectors.tomap.fcu.project.yatea, main.projectors.tomap.stages.project.yatea
[2021-10-20 15:57:31.845][alvisnlp] layer fcu-baseline: main.projectors.baseline.fcu.project.baseline, main.projectors.baseline.fcu.filter.ambiguous-words, main.projectors.baseline.fcu.filter.overlaps.overlaps, main.projectors.baseline.fcu.export.annotations.save-annotations, main.projectors.baseline.fcu.export.scores.bm25-score, main.projectors.baseline.fcu.export.scores.tfidf-score
[2021-10-20 15:57:31.845][alvisnlp] layer stages-baseline: main.projectors.baseline.stages.project.baseline, main.projectors.baseline.stages.find-patterns.bbch.align, main.projectors.baseline.stages.filter.overlaps, main.projectors.baseline.stages.export.save-annotations
[2021-10-20 15:57:31.845][alvisnlp] layer bbch: main.projectors.baseline.stages.find-patterns.bbch.patterns._bbch_, main.projectors.baseline.stages.find-patterns.bbch.patterns.bbch, main.projectors.baseline.stages.find-patterns.bbch.patterns.insert-space, main.projectors.baseline.stages.find-patterns.bbch.patterns.BBCH_DD, main.projectors.baseline.stages.find-patterns.bbch.patterns.BBCH_DD_PAR, main.projectors.baseline.stages.find-patterns.bbch.patterns.delete-par, main.projectors.baseline.stages.find-patterns.bbch.patterns.STADE_DD_BBCH, main.projectors.baseline.stages.find-patterns.bbch.patterns.BBCH_STADE_DD, main.projectors.baseline.stages.find-patterns.bbch.patterns.BBCH_RANGE, main.projectors.baseline.stages.find-patterns.bbch.patterns.BBCH_DD_KON_DD, main.projectors.baseline.stages.find-patterns.bbch.patterns.BBCH_TABLE, main.projectors.baseline.stages.find-patterns.bbch.patterns.BBCH_TABLE_PHYSIO, main.projectors.baseline.stages.find-patterns.bbch.patterns.bbch_in_context50, main.projectors.baseline.stages.find-patterns.bbch.patterns.bbch_in_context100, main.projectors.baseline.stages.find-patterns.bbch.patterns.bbch_in_context150, main.projectors.baseline.stages.find-patterns.bbch.patterns.bbch_in_context200, main.projectors.baseline.stages.find-patterns.bbch.patterns.bbch_in_context250, main.projectors.baseline.stages.find-patterns.bbch.patterns.bbch_in_context300, main.projectors.baseline.stages.find-patterns.bbch.patterns.bbch_in_context350, main.projectors.baseline.stages.find-patterns.bbch.patterns.bbch_in_context400, main.projectors.baseline.stages.find-patterns.bbch.patterns.bbch_in_context450, main.projectors.baseline.stages.find-patterns.bbch.patterns.bbch_in_context500, main.projectors.baseline.stages.find-patterns.bbch.align
[2021-10-20 15:57:31.845][alvisnlp] layer fcu-tomap: main.projectors.tomap.fcu.project.classify, main.projectors.tomap.fcu.project.label, main.projectors.tomap.fcu.filter.ambiguous-words, main.projectors.tomap.fcu.filter.remove-not-similar-matches, main.projectors.tomap.fcu.filter.overlaps.overlaps, main.projectors.tomap.fcu.export.annotations.save-annotations, main.projectors.tomap.fcu.export.scores.bm25-score, main.projectors.tomap.fcu.export.scores.tfidf-score
[2021-10-20 15:57:31.845][alvisnlp] layer stages-tomap: main.projectors.tomap.stages.project.classify, main.projectors.tomap.stages.project.label, main.projectors.tomap.stages.filter.overlaps.overlaps, main.projectors.tomap.stages.export.annotations.save-annotations
[2021-10-20 15:57:31.845][alvisnlp] no usage for relation names
[2021-10-20 15:57:31.845][alvisnlp] no usage for argument names
[2021-10-20 15:57:31.846][alvisnlp] usage for feature names
[2021-10-20 15:57:31.846][alvisnlp] feature corpus: main.load-corpus.d2kab, main.load-corpus.vespa, main.load-corpus.alea, main.projectors.baseline.fcu.export.annotations.save-annotations, main.projectors.baseline.stages.export.save-annotations, main.projectors.tomap.fcu.export.annotations.save-annotations, main.projectors.tomap.stages.export.annotations.save-annotations
[2021-10-20 15:57:31.846][alvisnlp] feature type: main.preprocess-text.segmentation.preprocessing.latin, main.preprocess-text.segmentation.preprocessing.number-and-dates.regexp.signed-decimals, main.preprocess-text.segmentation.preprocessing.number-and-dates.regexp.fractions, main.preprocess-text.segmentation.preprocessing.number-and-dates.regexp.ranges, main.preprocess-text.segmentation.preprocessing.number-and-dates.regexp.iso-dates, main.preprocess-text.segmentation.preprocessing.number-and-dates.regexp.dates-1, main.preprocess-text.segmentation.preprocessing.number-and-dates.regexp.dates-2, main.projectors.baseline.fcu.project.baseline, main.projectors.baseline.stages.project.baseline, main.projectors.baseline.stages.find-patterns.bbch.patterns._bbch_, main.projectors.baseline.stages.find-patterns.bbch.patterns.bbch, main.projectors.baseline.stages.find-patterns.bbch.patterns.insert-space, main.projectors.baseline.stages.find-patterns.bbch.patterns.BBCH_DD, main.projectors.baseline.stages.find-patterns.bbch.patterns.BBCH_DD_PAR, main.projectors.baseline.stages.find-patterns.bbch.patterns.delete-par, main.projectors.baseline.stages.find-patterns.bbch.patterns.STADE_DD_BBCH, main.projectors.baseline.stages.find-patterns.bbch.patterns.BBCH_STADE_DD, main.projectors.baseline.stages.find-patterns.bbch.patterns.BBCH_RANGE, main.projectors.baseline.stages.find-patterns.bbch.patterns.BBCH_DD_KON_DD, main.projectors.baseline.stages.find-patterns.bbch.patterns.BBCH_TABLE, main.projectors.baseline.stages.find-patterns.bbch.patterns.BBCH_TABLE_PHYSIO, main.projectors.baseline.stages.find-patterns.bbch.patterns.bbch_in_context50, main.projectors.baseline.stages.find-patterns.bbch.patterns.bbch_in_context100, main.projectors.baseline.stages.find-patterns.bbch.patterns.bbch_in_context150, main.projectors.baseline.stages.find-patterns.bbch.patterns.bbch_in_context200, main.projectors.baseline.stages.find-patterns.bbch.patterns.bbch_in_context250, main.projectors.baseline.stages.find-patterns.bbch.patterns.bbch_in_context300, main.projectors.baseline.stages.find-patterns.bbch.patterns.bbch_in_context350, main.projectors.baseline.stages.find-patterns.bbch.patterns.bbch_in_context400, main.projectors.baseline.stages.find-patterns.bbch.patterns.bbch_in_context450, main.projectors.baseline.stages.find-patterns.bbch.patterns.bbch_in_context500, main.projectors.baseline.stages.find-patterns.bbch.align
[2021-10-20 15:57:31.846][alvisnlp] feature eos: main.preprocess-text.segmentation.preprocessing.latin, main.preprocess-text.segmentation.sentences
[2021-10-20 15:57:31.846][alvisnlp] feature seg__latin: main.preprocess-text.segmentation.preprocessing.latin
[2021-10-20 15:57:31.846][alvisnlp] WARNING feature seg__latin used only once by main.preprocess-text.segmentation.preprocessing.latin
[2021-10-20 15:57:31.847][alvisnlp] feature seg__hanging-hyphen: main.preprocess-text.segmentation.preprocessing.hanging-hyphens, main.preprocess-text.segmentation.preprocessing.hyphen-correction.ref-before, main.preprocess-text.segmentation.preprocessing.hyphen-correction.ref-after
[2021-10-20 15:57:31.847][alvisnlp] feature seg__fix: main.preprocess-text.segmentation.preprocessing.pre-segmentation.tag-fixed, main.preprocess-text.segmentation.preprocessing.hyphen-correction.ref-before, main.preprocess-text.segmentation.preprocessing.hyphen-correction.ref-after
[2021-10-20 15:57:31.847][alvisnlp] feature wordType: main.preprocess-text.segmentation.preprocessing.pre-segmentation.words, main.preprocess-text.segmentation.words, main.preprocess-text.segmentation.sentences
[2021-10-20 15:57:31.847][alvisnlp] feature pos: main.preprocess-text.correct-plants, main.preprocess-text.tt, main.projectors.tomap.fcu.project.yatea, main.projectors.tomap.stages.project.yatea
[2021-10-20 15:57:31.847][alvisnlp] feature lemma: main.preprocess-text.tt, main.projectors.baseline.fcu.project.baseline, main.projectors.baseline.fcu.filter.ambiguous-words, main.projectors.baseline.fcu.export.annotations.save-annotations, main.projectors.baseline.stages.project.baseline, main.projectors.baseline.stages.find-patterns.bbch.patterns.BBCH_DD_KON_DD, main.projectors.baseline.stages.export.save-annotations, main.projectors.tomap.fcu.project.yatea, main.projectors.tomap.fcu.project.classify, main.projectors.tomap.fcu.filter.ambiguous-words, main.projectors.tomap.fcu.export.annotations.save-annotations, main.projectors.tomap.stages.project.yatea, main.projectors.tomap.stages.project.classify, main.projectors.tomap.stages.export.annotations.save-annotations
[2021-10-20 15:57:31.847][alvisnlp] feature rdfs-label: main.projectors.baseline.fcu.project.baseline, main.projectors.baseline.stages.project.baseline, main.projectors.baseline.stages.find-patterns.bbch.align
[2021-10-20 15:57:31.847][alvisnlp] feature skos-prefLabel: main.projectors.baseline.fcu.project.baseline, main.projectors.baseline.fcu.export.annotations.save-annotations, main.projectors.baseline.fcu.export.scores.bm25-score, main.projectors.baseline.fcu.export.scores.tfidf-score, main.projectors.baseline.stages.project.baseline, main.projectors.baseline.stages.find-patterns.bbch.align, main.projectors.baseline.stages.export.save-annotations, main.projectors.tomap.fcu.project.label, main.projectors.tomap.fcu.export.annotations.save-annotations, main.projectors.tomap.fcu.export.scores.bm25-score, main.projectors.tomap.fcu.export.scores.tfidf-score, main.projectors.tomap.stages.project.label, main.projectors.tomap.stages.export.annotations.save-annotations
[2021-10-20 15:57:31.847][alvisnlp] feature uri: main.projectors.baseline.fcu.project.baseline, main.projectors.baseline.stages.project.baseline, main.projectors.baseline.stages.find-patterns.bbch.align
[2021-10-20 15:57:31.847][alvisnlp] feature canonical-form: main.projectors.baseline.stages.find-patterns.bbch.patterns.insert-space, main.projectors.baseline.stages.find-patterns.bbch.patterns.BBCH_DD, main.projectors.baseline.stages.find-patterns.bbch.patterns.delete-par, main.projectors.baseline.stages.find-patterns.bbch.patterns.STADE_DD_BBCH, main.projectors.baseline.stages.find-patterns.bbch.patterns.BBCH_STADE_DD, main.projectors.baseline.stages.find-patterns.bbch.patterns.BBCH_RANGE, main.projectors.baseline.stages.find-patterns.bbch.patterns.BBCH_DD_KON_DD, main.projectors.baseline.stages.find-patterns.bbch.patterns.BBCH_TABLE, main.projectors.baseline.stages.find-patterns.bbch.patterns.BBCH_TABLE_PHYSIO, main.projectors.baseline.stages.find-patterns.bbch.patterns.bbch_in_context50, main.projectors.baseline.stages.find-patterns.bbch.patterns.bbch_in_context100, main.projectors.baseline.stages.find-patterns.bbch.patterns.bbch_in_context150, main.projectors.baseline.stages.find-patterns.bbch.patterns.bbch_in_context200, main.projectors.baseline.stages.find-patterns.bbch.patterns.bbch_in_context250, main.projectors.baseline.stages.find-patterns.bbch.patterns.bbch_in_context300, main.projectors.baseline.stages.find-patterns.bbch.patterns.bbch_in_context350, main.projectors.baseline.stages.find-patterns.bbch.patterns.bbch_in_context400, main.projectors.baseline.stages.find-patterns.bbch.patterns.bbch_in_context450, main.projectors.baseline.stages.find-patterns.bbch.patterns.bbch_in_context500, main.projectors.baseline.stages.find-patterns.bbch.align
[2021-10-20 15:57:31.847][alvisnlp] feature number: main.projectors.baseline.stages.find-patterns.bbch.patterns.BBCH_RANGE
[2021-10-20 15:57:31.847][alvisnlp] WARNING feature number used only once by main.projectors.baseline.stages.find-patterns.bbch.patterns.BBCH_RANGE
[2021-10-20 15:57:31.847][alvisnlp] feature IRI: main.projectors.tomap.fcu.project.classify, main.projectors.tomap.fcu.project.label, main.projectors.tomap.stages.project.classify, main.projectors.tomap.stages.project.label
[2021-10-20 15:57:31.847][alvisnlp] feature similarity: main.projectors.tomap.fcu.project.classify, main.projectors.tomap.fcu.filter.remove-not-similar-matches, main.projectors.tomap.stages.project.classify
[2021-10-20 15:57:31.848][alvisnlp] start
[2021-10-20 15:57:31.849][main] processing
[2021-10-20 15:57:31.849][main.load-corpus] processing
[2021-10-20 15:57:31.850][main.load-corpus.d2kab] processing
[2021-10-20 15:57:31.858][main.load-corpus.d2kab] using transform: /Users/belka/Documents/work/inrae/scripts/alvisBSV/resources/alvisnlp/segmentation/html2alvisnlp.xslt
[2021-10-20 15:57:31.981][main.load-corpus.d2kab] reading: /Users/belka/Documents/work/inrae/scripts/alvisBSV/resources/corpus/d2kab/CorpusTestD2kabGC.html/20180911_bsv_grandes_cultures-26_cle0f15a8.html
[2021-10-20 15:57:32.461][main.load-corpus.d2kab] reading: /Users/belka/Documents/work/inrae/scripts/alvisBSV/resources/corpus/d2kab/CorpusTestD2kabGC.html/20181002_bsv_grandes_cultures_29_cle0423a6.html
[2021-10-20 15:57:32.599][main.load-corpus.d2kab] reading: /Users/belka/Documents/work/inrae/scripts/alvisBSV/resources/corpus/d2kab/CorpusTestD2kabGC.html/20181106_bsv_grandes_cultures_34_cle08159b.html
[2021-10-20 15:57:32.688][main.load-corpus.d2kab] reading: /Users/belka/Documents/work/inrae/scripts/alvisBSV/resources/corpus/d2kab/CorpusTestD2kabGC.html/20190227_BSV_grandes_cultures_Auvergne_N02_cle0189db.html
[2021-10-20 15:57:32.712][main.load-corpus.d2kab] reading: /Users/belka/Documents/work/inrae/scripts/alvisBSV/resources/corpus/d2kab/CorpusTestD2kabGC.html/20190228_BSV_grandes_cultures_Rhone-Alpes_N_02_cle46d5a8.html
[2021-10-20 15:57:32.726][main.load-corpus.d2kab] reading: /Users/belka/Documents/work/inrae/scripts/alvisBSV/resources/corpus/d2kab/CorpusTestD2kabGC.html/20190320_LOR_BSV_Grandes_Cultures_cle83816d.html
[2021-10-20 15:57:32.742][main.load-corpus.d2kab] reading: /Users/belka/Documents/work/inrae/scripts/alvisBSV/resources/corpus/d2kab/CorpusTestD2kabGC.html/20190417_ALS_BSV_Grandes_Cultures_cle8c93cf.html
[2021-10-20 15:57:32.755][main.load-corpus.d2kab] reading: /Users/belka/Documents/work/inrae/scripts/alvisBSV/resources/corpus/d2kab/CorpusTestD2kabGC.html/20190417_CHA_BSV_Grandes_Cultures_cle8333d7.html
[2021-10-20 15:57:32.822][main.load-corpus.d2kab] reading: /Users/belka/Documents/work/inrae/scripts/alvisBSV/resources/corpus/d2kab/CorpusTestD2kabGC.html/20190507_LOR_BSV_Grandes_Cultures_cle893371.html
[2021-10-20 15:57:32.876][main.load-corpus.d2kab] reading: /Users/belka/Documents/work/inrae/scripts/alvisBSV/resources/corpus/d2kab/CorpusTestD2kabGC.html/20190516_BSV_grandes_cultures_Rhone-Alpes_N_13_cle4cc4d2.html
